# JRE version: OpenJDK Runtime Environment Temurin-21.0.6+7 (21.0.6+7) (build 21.0.6+7-LTS)
# Java VM: OpenJDK 64-Bit Server VM Temurin-21.0.6+7 (21.0.6+7-LTS, mixed mode, emulated-client, sharing, tiered, compressed oops, compressed class ptrs, g1 gc, windows-amd64)
GC Precious Log:
 CardTable entry size: 512
 Card Set container configuration: InlinePtr #cards 5 size 8 Array Of Cards #cards 12 size 40 Howl #buckets 4 coarsen threshold 1843 Howl Bitmap #cards 512 size 80 coarsen threshold 460 Card regions per heap region 1 cards per card region 2048
 CPUs: 8 total, 8 available
 Memory: 7834M
 Large Page Support: Disabled
 NUMA Support: Disabled
 Compressed Oops: Enabled (32-bit)
 Heap Region Size: 1M
 Heap Min Capacity: 8M
 Heap Initial Capacity: 124M
 Heap Max Capacity: 1G
 Pre-touch: Disabled
 Parallel Workers: 8
 Concurrent Workers: 2
 Concurrent Refinement Workers: 8
 Periodic GC: Disabled
Heap:
 garbage-first heap   total 105472K, used 64525K [0x00000000c0000000, 0x0000000100000000)
  region size 1024K, 24 young (24576K), 2 survivors (2048K)
 Metaspace       used 58217K, committed 58944K, reserved 1114112K
  class space    used 7332K, committed 7680K, reserved 1048576K
GC Heap History (20 events):
Event: 7057.512 GC heap after
{Heap after GC invocations=509 (full 488):
 garbage-first heap   total 105472K, used 39610K [0x00000000c0000000, 0x0000000100000000)
  region size 1024K, 0 young (0K), 0 survivors (0K)
 Metaspace       used 57819K, committed 58688K, reserved 1114112K
  class space    used 7269K, committed 7680K, reserved 1048576K
}
Event: 7067.837 GC heap before
{Heap before GC invocations=509 (full 488):
 garbage-first heap   total 105472K, used 39610K [0x00000000c0000000, 0x0000000100000000)
  region size 1024K, 1 young (1024K), 0 survivors (0K)
 Metaspace       used 57819K, committed 58688K, reserved 1114112K
  class space    used 7269K, committed 7680K, reserved 1048576K
}
Event: 7067.873 GC heap after
{Heap after GC invocations=510 (full 489):
 garbage-first heap   total 105472K, used 39610K [0x00000000c0000000, 0x0000000100000000)
  region size 1024K, 0 young (0K), 0 survivors (0K)
 Metaspace       used 57819K, committed 58688K, reserved 1114112K
  class space    used 7269K, committed 7680K, reserved 1048576K
}
Event: 7078.182 GC heap before
{Heap before GC invocations=510 (full 489):
 garbage-first heap   total 105472K, used 39610K [0x00000000c0000000, 0x0000000100000000)
  region size 1024K, 1 young (1024K), 0 survivors (0K)
 Metaspace       used 57819K, committed 58688K, reserved 1114112K
  class space    used 7269K, committed 7680K, reserved 1048576K
}
Event: 7078.220 GC heap after
{Heap after GC invocations=511 (full 490):
 garbage-first heap   total 105472K, used 39610K [0x00000000c0000000, 0x0000000100000000)
  region size 1024K, 0 young (0K), 0 survivors (0K)
 Metaspace       used 57819K, committed 58688K, reserved 1114112K
  class space    used 7269K, committed 7680K, reserved 1048576K
}
Event: 7088.529 GC heap before
{Heap before GC invocations=511 (full 490):
 garbage-first heap   total 105472K, used 39610K [0x00000000c0000000, 0x0000000100000000)
  region size 1024K, 1 young (1024K), 0 survivors (0K)
 Metaspace       used 57819K, committed 58688K, reserved 1114112K
  class space    used 7269K, committed 7680K, reserved 1048576K
}
Event: 7088.558 GC heap after
{Heap after GC invocations=512 (full 491):
 garbage-first heap   total 105472K, used 39610K [0x00000000c0000000, 0x0000000100000000)
  region size 1024K, 0 young (0K), 0 survivors (0K)
 Metaspace       used 57819K, committed 58688K, reserved 1114112K
  class space    used 7269K, committed 7680K, reserved 1048576K
}
Event: 7098.927 GC heap before
{Heap before GC invocations=512 (full 491):
 garbage-first heap   total 105472K, used 39610K [0x00000000c0000000, 0x0000000100000000)
  region size 1024K, 1 young (1024K), 0 survivors (0K)
 Metaspace       used 57819K, committed 58688K, reserved 1114112K
  class space    used 7269K, committed 7680K, reserved 1048576K
}
Event: 7098.974 GC heap after
{Heap after GC invocations=513 (full 492):
 garbage-first heap   total 105472K, used 39610K [0x00000000c0000000, 0x0000000100000000)
  region size 1024K, 0 young (0K), 0 survivors (0K)
 Metaspace       used 57819K, committed 58688K, reserved 1114112K
  class space    used 7269K, committed 7680K, reserved 1048576K
}
Event: 7169.295 GC heap before
{Heap before GC invocations=513 (full 492):
 garbage-first heap   total 105472K, used 63162K [0x00000000c0000000, 0x0000000100000000)
  region size 1024K, 25 young (25600K), 0 survivors (0K)
 Metaspace       used 58171K, committed 58880K, reserved 1114112K
  class space    used 7324K, committed 7680K, reserved 1048576K
}
Event: 7169.553 GC heap after
{Heap after GC invocations=514 (full 493):
 garbage-first heap   total 105472K, used 42720K [0x00000000c0000000, 0x0000000100000000)
  region size 1024K, 0 young (0K), 0 survivors (0K)
 Metaspace       used 58171K, committed 58880K, reserved 1114112K
  class space    used 7324K, committed 7680K, reserved 1048576K
}
Event: 7179.882 GC heap before
{Heap before GC invocations=514 (full 493):
 garbage-first heap   total 105472K, used 42720K [0x00000000c0000000, 0x0000000100000000)
  region size 1024K, 1 young (1024K), 0 survivors (0K)
 Metaspace       used 58171K, committed 58880K, reserved 1114112K
  class space    used 7324K, committed 7680K, reserved 1048576K
}
Event: 7181.689 GC heap after
{Heap after GC invocations=515 (full 494):
 garbage-first heap   total 105472K, used 41288K [0x00000000c0000000, 0x0000000100000000)
  region size 1024K, 0 young (0K), 0 survivors (0K)
 Metaspace       used 58090K, committed 58880K, reserved 1114112K
  class space    used 7303K, committed 7680K, reserved 1048576K
}
Event: 7192.033 GC heap before
{Heap before GC invocations=515 (full 494):
 garbage-first heap   total 105472K, used 47432K [0x00000000c0000000, 0x0000000100000000)
  region size 1024K, 7 young (7168K), 0 survivors (0K)
 Metaspace       used 58166K, committed 58880K, reserved 1114112K
  class space    used 7322K, committed 7680K, reserved 1048576K
}
Event: 7192.070 GC heap after
{Heap after GC invocations=516 (full 495):
 garbage-first heap   total 105472K, used 41737K [0x00000000c0000000, 0x0000000100000000)
  region size 1024K, 0 young (0K), 0 survivors (0K)
 Metaspace       used 58166K, committed 58880K, reserved 1114112K
  class space    used 7322K, committed 7680K, reserved 1048576K
}
Event: 7207.371 GC heap before
{Heap before GC invocations=516 (full 495):
 garbage-first heap   total 105472K, used 85769K [0x00000000c0000000, 0x0000000100000000)
  region size 1024K, 44 young (45056K), 0 survivors (0K)
 Metaspace       used 58191K, committed 58944K, reserved 1114112K
  class space    used 7329K, committed 7680K, reserved 1048576K
}
Event: 7207.381 GC heap after
{Heap after GC invocations=517 (full 495):
 garbage-first heap   total 105472K, used 43234K [0x00000000c0000000, 0x0000000100000000)
  region size 1024K, 2 young (2048K), 2 survivors (2048K)
 Metaspace       used 58191K, committed 58944K, reserved 1114112K
  class space    used 7329K, committed 7680K, reserved 1048576K
}
Event: 7220.280 GC heap before
{Heap before GC invocations=518 (full 495):
 garbage-first heap   total 105472K, used 88290K [0x00000000c0000000, 0x0000000100000000)
  region size 1024K, 46 young (47104K), 2 survivors (2048K)
 Metaspace       used 58207K, committed 58944K, reserved 1114112K
  class space    used 7331K, committed 7680K, reserved 1048576K
}
Event: 7220.284 GC heap after
{Heap after GC invocations=519 (full 495):
 garbage-first heap   total 105472K, used 43021K [0x00000000c0000000, 0x0000000100000000)
  region size 1024K, 2 young (2048K), 2 survivors (2048K)
 Metaspace       used 58207K, committed 58944K, reserved 1114112K
  class space    used 7331K, committed 7680K, reserved 1048576K
}
Event: 7282.560 GC heap before
{Heap before GC invocations=519 (full 495):
 garbage-first heap   total 105472K, used 64525K [0x00000000c0000000, 0x0000000100000000)
  region size 1024K, 24 young (24576K), 2 survivors (2048K)
 Metaspace       used 58217K, committed 58944K, reserved 1114112K
  class space    used 7332K, committed 7680K, reserved 1048576K
}

